{"I:\\project2022\\COMP431_531\\assignment4\\assignment4\\src\\App.js": {"path":"I:\\project2022\\COMP431_531\\assignment4\\assignment4\\src\\App.js","statementMap":{"0":{"start":{"line":11,"column":4},"end":{"line":20,"column":6}}},"fnMap":{"0":{"name":"App","decl":{"start":{"line":10,"column":9},"end":{"line":10,"column":12}},"loc":{"start":{"line":10,"column":15},"end":{"line":21,"column":1}},"line":10}},"branchMap":{},"s":{"0":2},"f":{"0":2},"b":{},"_coverageSchema":"1a1c01bbd47fc00a2c39e90264f33305004495a9","hash":"e32a9a4d0892f85ba30dfd47cb41ef78588b486d"}
,"I:\\project2022\\COMP431_531\\assignment4\\assignment4\\src\\index.js": {"path":"I:\\project2022\\COMP431_531\\assignment4\\assignment4\\src\\index.js","statementMap":{"0":{"start":{"line":9,"column":13},"end":{"line":9,"column":65}},"1":{"start":{"line":10,"column":0},"end":{"line":16,"column":2}}},"fnMap":{},"branchMap":{},"s":{"0":0,"1":0},"f":{},"b":{}}
,"I:\\project2022\\COMP431_531\\assignment4\\assignment4\\src\\components\\auth\\LandingPage.js": {"path":"I:\\project2022\\COMP431_531\\assignment4\\assignment4\\src\\components\\auth\\LandingPage.js","statementMap":{"0":{"start":{"line":12,"column":4},"end":{"line":20,"column":5}}},"fnMap":{"0":{"name":"LandingPage","decl":{"start":{"line":10,"column":9},"end":{"line":10,"column":20}},"loc":{"start":{"line":10,"column":23},"end":{"line":36,"column":1}},"line":10}},"branchMap":{},"s":{"0":2},"f":{"0":2},"b":{},"_coverageSchema":"1a1c01bbd47fc00a2c39e90264f33305004495a9","hash":"96bea4aeb0cbfc64fa156fad1bdc4648654c81f4"}
,"I:\\project2022\\COMP431_531\\assignment4\\assignment4\\src\\components\\auth\\login.js": {"path":"I:\\project2022\\COMP431_531\\assignment4\\assignment4\\src\\components\\auth\\login.js","statementMap":{"0":{"start":{"line":7,"column":21},"end":{"line":84,"column":1}},"1":{"start":{"line":8,"column":36},"end":{"line":8,"column":48}},"2":{"start":{"line":9,"column":36},"end":{"line":9,"column":48}},"3":{"start":{"line":10,"column":28},"end":{"line":10,"column":43}},"4":{"start":{"line":11,"column":21},"end":{"line":11,"column":34}},"5":{"start":{"line":12,"column":21},"end":{"line":12,"column":51}},"6":{"start":{"line":14,"column":25},"end":{"line":67,"column":5}},"7":{"start":{"line":15,"column":8},"end":{"line":15,"column":27}},"8":{"start":{"line":17,"column":21},"end":{"line":17,"column":26}},"9":{"start":{"line":19,"column":23},"end":{"line":19,"column":70}},"10":{"start":{"line":20,"column":23},"end":{"line":20,"column":70}},"11":{"start":{"line":21,"column":8},"end":{"line":21,"column":49}},"12":{"start":{"line":22,"column":8},"end":{"line":51,"column":10}},"13":{"start":{"line":23,"column":28},"end":{"line":23,"column":67}},"14":{"start":{"line":24,"column":12},"end":{"line":50,"column":13}},"15":{"start":{"line":25,"column":16},"end":{"line":25,"column":30}},"16":{"start":{"line":26,"column":16},"end":{"line":37,"column":17}},"17":{"start":{"line":27,"column":36},"end":{"line":33,"column":22}},"18":{"start":{"line":28,"column":24},"end":{"line":32,"column":25}},"19":{"start":{"line":29,"column":28},"end":{"line":29,"column":54}},"20":{"start":{"line":31,"column":28},"end":{"line":31,"column":36}},"21":{"start":{"line":34,"column":20},"end":{"line":36,"column":22}},"22":{"start":{"line":35,"column":24},"end":{"line":35,"column":42}},"23":{"start":{"line":39,"column":16},"end":{"line":45,"column":18}},"24":{"start":{"line":54,"column":8},"end":{"line":66,"column":9}},"25":{"start":{"line":55,"column":12},"end":{"line":55,"column":45}},"26":{"start":{"line":60,"column":12},"end":{"line":60,"column":39}},"27":{"start":{"line":61,"column":12},"end":{"line":61,"column":25}},"28":{"start":{"line":63,"column":12},"end":{"line":63,"column":54}},"29":{"start":{"line":64,"column":12},"end":{"line":64,"column":49}},"30":{"start":{"line":64,"column":28},"end":{"line":64,"column":42}},"31":{"start":{"line":65,"column":12},"end":{"line":65,"column":68}},"32":{"start":{"line":69,"column":4},"end":{"line":83,"column":6}},"33":{"start":{"line":74,"column":160},"end":{"line":74,"column":187}},"34":{"start":{"line":76,"column":164},"end":{"line":76,"column":191}}},"fnMap":{"0":{"name":"(anonymous_0)","decl":{"start":{"line":7,"column":21},"end":{"line":7,"column":22}},"loc":{"start":{"line":7,"column":27},"end":{"line":84,"column":1}},"line":7},"1":{"name":"(anonymous_1)","decl":{"start":{"line":14,"column":25},"end":{"line":14,"column":26}},"loc":{"start":{"line":14,"column":32},"end":{"line":67,"column":5}},"line":14},"2":{"name":"(anonymous_2)","decl":{"start":{"line":22,"column":25},"end":{"line":22,"column":26}},"loc":{"start":{"line":22,"column":41},"end":{"line":51,"column":9}},"line":22},"3":{"name":"(anonymous_3)","decl":{"start":{"line":27,"column":66},"end":{"line":27,"column":67}},"loc":{"start":{"line":27,"column":69},"end":{"line":33,"column":21}},"line":27},"4":{"name":"(anonymous_4)","decl":{"start":{"line":34,"column":51},"end":{"line":34,"column":52}},"loc":{"start":{"line":34,"column":54},"end":{"line":36,"column":21}},"line":34},"5":{"name":"(anonymous_5)","decl":{"start":{"line":64,"column":23},"end":{"line":64,"column":24}},"loc":{"start":{"line":64,"column":27},"end":{"line":64,"column":43}},"line":64},"6":{"name":"(anonymous_6)","decl":{"start":{"line":74,"column":153},"end":{"line":74,"column":154}},"loc":{"start":{"line":74,"column":160},"end":{"line":74,"column":187}},"line":74},"7":{"name":"(anonymous_7)","decl":{"start":{"line":76,"column":157},"end":{"line":76,"column":158}},"loc":{"start":{"line":76,"column":164},"end":{"line":76,"column":191}},"line":76}},"branchMap":{"0":{"loc":{"start":{"line":24,"column":12},"end":{"line":50,"column":13}},"type":"if","locations":[{"start":{"line":24,"column":12},"end":{"line":50,"column":13}},{"start":{"line":46,"column":19},"end":{"line":50,"column":13}}],"line":24},"1":{"loc":{"start":{"line":26,"column":16},"end":{"line":37,"column":17}},"type":"if","locations":[{"start":{"line":26,"column":16},"end":{"line":37,"column":17}},{"start":{},"end":{}}],"line":26},"2":{"loc":{"start":{"line":28,"column":24},"end":{"line":32,"column":25}},"type":"if","locations":[{"start":{"line":28,"column":24},"end":{"line":32,"column":25}},{"start":{"line":30,"column":31},"end":{"line":32,"column":25}}],"line":28},"3":{"loc":{"start":{"line":54,"column":8},"end":{"line":66,"column":9}},"type":"if","locations":[{"start":{"line":54,"column":8},"end":{"line":66,"column":9}},{"start":{"line":59,"column":15},"end":{"line":66,"column":9}}],"line":54},"4":{"loc":{"start":{"line":81,"column":13},"end":{"line":81,"column":68}},"type":"cond-expr","locations":[{"start":{"line":81,"column":20},"end":{"line":81,"column":61}},{"start":{"line":81,"column":64},"end":{"line":81,"column":68}}],"line":81}},"s":{"0":1,"1":2,"2":2,"3":2,"4":2,"5":2,"6":2,"7":1,"8":1,"9":1,"10":1,"11":1,"12":1,"13":10,"14":10,"15":1,"16":1,"17":1,"18":3,"19":0,"20":3,"21":1,"22":3,"23":1,"24":1,"25":1,"26":0,"27":0,"28":0,"29":0,"30":0,"31":0,"32":2,"33":0,"34":0},"f":{"0":2,"1":1,"2":10,"3":3,"4":3,"5":0,"6":0,"7":0},"b":{"0":[1,9],"1":[1,0],"2":[0,3],"3":[1,0],"4":[0,2]},"_coverageSchema":"1a1c01bbd47fc00a2c39e90264f33305004495a9","hash":"ff7ad4f2b3622053dc53c8e018728d68bd5dde03"}
,"I:\\project2022\\COMP431_531\\assignment4\\assignment4\\src\\components\\auth\\logoLand.js": {"path":"I:\\project2022\\COMP431_531\\assignment4\\assignment4\\src\\components\\auth\\logoLand.js","statementMap":{"0":{"start":{"line":4,"column":4},"end":{"line":16,"column":5}}},"fnMap":{"0":{"name":"LogoLand","decl":{"start":{"line":3,"column":24},"end":{"line":3,"column":32}},"loc":{"start":{"line":3,"column":35},"end":{"line":17,"column":1}},"line":3}},"branchMap":{},"s":{"0":2},"f":{"0":2},"b":{},"_coverageSchema":"1a1c01bbd47fc00a2c39e90264f33305004495a9","hash":"4732344717e1fc18d11d9e048c71bbc524e22328"}
,"I:\\project2022\\COMP431_531\\assignment4\\assignment4\\src\\components\\auth\\register.js": {"path":"I:\\project2022\\COMP431_531\\assignment4\\assignment4\\src\\components\\auth\\register.js","statementMap":{"0":{"start":{"line":9,"column":38},"end":{"line":9,"column":53}},"1":{"start":{"line":10,"column":21},"end":{"line":10,"column":34}},"2":{"start":{"line":11,"column":19},"end":{"line":11,"column":32}},"3":{"start":{"line":12,"column":32},"end":{"line":14,"column":6}},"4":{"start":{"line":16,"column":21},"end":{"line":16,"column":51}},"5":{"start":{"line":18,"column":21},"end":{"line":24,"column":5}},"6":{"start":{"line":19,"column":8},"end":{"line":23,"column":9}},"7":{"start":{"line":20,"column":12},"end":{"line":20,"column":47}},"8":{"start":{"line":22,"column":12},"end":{"line":22,"column":23}},"9":{"start":{"line":26,"column":25},"end":{"line":79,"column":5}},"10":{"start":{"line":27,"column":8},"end":{"line":27,"column":27}},"11":{"start":{"line":28,"column":28},"end":{"line":28,"column":32}},"12":{"start":{"line":29,"column":20},"end":{"line":35,"column":10}},"13":{"start":{"line":30,"column":30},"end":{"line":30,"column":57}},"14":{"start":{"line":31,"column":12},"end":{"line":33,"column":13}},"15":{"start":{"line":32,"column":16},"end":{"line":32,"column":37}},"16":{"start":{"line":34,"column":12},"end":{"line":34,"column":28}},"17":{"start":{"line":36,"column":8},"end":{"line":38,"column":9}},"18":{"start":{"line":37,"column":12},"end":{"line":37,"column":33}},"19":{"start":{"line":39,"column":8},"end":{"line":78,"column":9}},"20":{"start":{"line":41,"column":11},"end":{"line":46,"column":12}},"21":{"start":{"line":41,"column":39},"end":{"line":41,"column":72}},"22":{"start":{"line":42,"column":15},"end":{"line":42,"column":33}},"23":{"start":{"line":43,"column":15},"end":{"line":43,"column":21}},"24":{"start":{"line":45,"column":15},"end":{"line":45,"column":34}},"25":{"start":{"line":50,"column":26},"end":{"line":50,"column":42}},"26":{"start":{"line":51,"column":35},"end":{"line":60,"column":13}},"27":{"start":{"line":63,"column":28},"end":{"line":63,"column":65}},"28":{"start":{"line":65,"column":12},"end":{"line":68,"column":14}},"29":{"start":{"line":70,"column":12},"end":{"line":70,"column":45}},"30":{"start":{"line":71,"column":33},"end":{"line":71,"column":52}},"31":{"start":{"line":73,"column":12},"end":{"line":76,"column":14}},"32":{"start":{"line":77,"column":12},"end":{"line":77,"column":46}},"33":{"start":{"line":81,"column":21},"end":{"line":83,"column":5}},"34":{"start":{"line":82,"column":8},"end":{"line":82,"column":64}},"35":{"start":{"line":85,"column":4},"end":{"line":101,"column":12}},"36":{"start":{"line":88,"column":36},"end":{"line":93,"column":14}},"37":{"start":{"line":106,"column":18},"end":{"line":138,"column":1}},"38":{"start":{"line":107,"column":71},"end":{"line":107,"column":76}},"39":{"start":{"line":108,"column":38},"end":{"line":108,"column":53}},"40":{"start":{"line":110,"column":19},"end":{"line":126,"column":5}},"41":{"start":{"line":111,"column":8},"end":{"line":118,"column":9}},"42":{"start":{"line":112,"column":12},"end":{"line":117,"column":13}},"43":{"start":{"line":113,"column":16},"end":{"line":113,"column":34}},"44":{"start":{"line":114,"column":16},"end":{"line":114,"column":76}},"45":{"start":{"line":116,"column":16},"end":{"line":116,"column":35}},"46":{"start":{"line":119,"column":8},"end":{"line":125,"column":9}},"47":{"start":{"line":120,"column":12},"end":{"line":124,"column":13}},"48":{"start":{"line":121,"column":16},"end":{"line":121,"column":35}},"49":{"start":{"line":123,"column":16},"end":{"line":123,"column":34}},"50":{"start":{"line":128,"column":4},"end":{"line":137,"column":12}}},"fnMap":{"0":{"name":"Register","decl":{"start":{"line":8,"column":24},"end":{"line":8,"column":32}},"loc":{"start":{"line":8,"column":35},"end":{"line":102,"column":1}},"line":8},"1":{"name":"(anonymous_1)","decl":{"start":{"line":18,"column":21},"end":{"line":18,"column":22}},"loc":{"start":{"line":18,"column":40},"end":{"line":24,"column":5}},"line":18},"2":{"name":"(anonymous_2)","decl":{"start":{"line":26,"column":25},"end":{"line":26,"column":26}},"loc":{"start":{"line":26,"column":32},"end":{"line":79,"column":5}},"line":26},"3":{"name":"(anonymous_3)","decl":{"start":{"line":29,"column":31},"end":{"line":29,"column":32}},"loc":{"start":{"line":29,"column":36},"end":{"line":35,"column":9}},"line":29},"4":{"name":"(anonymous_4)","decl":{"start":{"line":41,"column":31},"end":{"line":41,"column":32}},"loc":{"start":{"line":41,"column":39},"end":{"line":41,"column":72}},"line":41},"5":{"name":"(anonymous_5)","decl":{"start":{"line":81,"column":21},"end":{"line":81,"column":22}},"loc":{"start":{"line":81,"column":28},"end":{"line":83,"column":5}},"line":81},"6":{"name":"(anonymous_6)","decl":{"start":{"line":88,"column":24},"end":{"line":88,"column":25}},"loc":{"start":{"line":88,"column":36},"end":{"line":93,"column":14}},"line":88},"7":{"name":"(anonymous_7)","decl":{"start":{"line":106,"column":18},"end":{"line":106,"column":19}},"loc":{"start":{"line":106,"column":29},"end":{"line":138,"column":1}},"line":106},"8":{"name":"(anonymous_8)","decl":{"start":{"line":110,"column":19},"end":{"line":110,"column":20}},"loc":{"start":{"line":110,"column":25},"end":{"line":126,"column":5}},"line":110}},"branchMap":{"0":{"loc":{"start":{"line":19,"column":8},"end":{"line":23,"column":9}},"type":"if","locations":[{"start":{"line":19,"column":8},"end":{"line":23,"column":9}},{"start":{"line":21,"column":15},"end":{"line":23,"column":9}}],"line":19},"1":{"loc":{"start":{"line":31,"column":12},"end":{"line":33,"column":13}},"type":"if","locations":[{"start":{"line":31,"column":12},"end":{"line":33,"column":13}},{"start":{},"end":{}}],"line":31},"2":{"loc":{"start":{"line":36,"column":8},"end":{"line":38,"column":9}},"type":"if","locations":[{"start":{"line":36,"column":8},"end":{"line":38,"column":9}},{"start":{},"end":{}}],"line":36},"3":{"loc":{"start":{"line":39,"column":8},"end":{"line":78,"column":9}},"type":"if","locations":[{"start":{"line":39,"column":8},"end":{"line":78,"column":9}},{"start":{},"end":{}}],"line":39},"4":{"loc":{"start":{"line":41,"column":11},"end":{"line":46,"column":12}},"type":"if","locations":[{"start":{"line":41,"column":11},"end":{"line":46,"column":12}},{"start":{"line":44,"column":16},"end":{"line":46,"column":12}}],"line":41},"5":{"loc":{"start":{"line":98,"column":13},"end":{"line":98,"column":92}},"type":"binary-expr","locations":[{"start":{"line":98,"column":13},"end":{"line":98,"column":22}},{"start":{"line":98,"column":26},"end":{"line":98,"column":92}}],"line":98},"6":{"loc":{"start":{"line":111,"column":8},"end":{"line":118,"column":9}},"type":"if","locations":[{"start":{"line":111,"column":8},"end":{"line":118,"column":9}},{"start":{},"end":{}}],"line":111},"7":{"loc":{"start":{"line":112,"column":12},"end":{"line":117,"column":13}},"type":"if","locations":[{"start":{"line":112,"column":12},"end":{"line":117,"column":13}},{"start":{"line":115,"column":19},"end":{"line":117,"column":13}}],"line":112},"8":{"loc":{"start":{"line":119,"column":8},"end":{"line":125,"column":9}},"type":"if","locations":[{"start":{"line":119,"column":8},"end":{"line":125,"column":9}},{"start":{},"end":{}}],"line":119},"9":{"loc":{"start":{"line":120,"column":12},"end":{"line":124,"column":13}},"type":"if","locations":[{"start":{"line":120,"column":12},"end":{"line":124,"column":13}},{"start":{"line":122,"column":19},"end":{"line":124,"column":13}}],"line":120},"10":{"loc":{"start":{"line":120,"column":16},"end":{"line":120,"column":103}},"type":"binary-expr","locations":[{"start":{"line":120,"column":16},"end":{"line":120,"column":31}},{"start":{"line":120,"column":35},"end":{"line":120,"column":57}},{"start":{"line":120,"column":61},"end":{"line":120,"column":103}}],"line":120},"11":{"loc":{"start":{"line":136,"column":9},"end":{"line":136,"column":75}},"type":"binary-expr","locations":[{"start":{"line":136,"column":9},"end":{"line":136,"column":18}},{"start":{"line":136,"column":22},"end":{"line":136,"column":75}}],"line":136}},"s":{"0":2,"1":2,"2":2,"3":2,"4":2,"5":2,"6":0,"7":0,"8":0,"9":2,"10":0,"11":0,"12":0,"13":0,"14":0,"15":0,"16":0,"17":0,"18":0,"19":0,"20":0,"21":0,"22":0,"23":0,"24":0,"25":0,"26":0,"27":0,"28":0,"29":0,"30":0,"31":0,"32":0,"33":2,"34":0,"35":2,"36":14,"37":1,"38":14,"39":14,"40":14,"41":0,"42":0,"43":0,"44":0,"45":0,"46":0,"47":0,"48":0,"49":0,"50":14},"f":{"0":2,"1":0,"2":0,"3":0,"4":0,"5":0,"6":14,"7":14,"8":0},"b":{"0":[0,0],"1":[0,0],"2":[0,0],"3":[0,0],"4":[0,0],"5":[2,0],"6":[0,0],"7":[0,0],"8":[0,0],"9":[0,0],"10":[0,0,0],"11":[14,0]},"_coverageSchema":"1a1c01bbd47fc00a2c39e90264f33305004495a9","hash":"5a5bc7350d3d25d16ea41a1e70a7251e2dc4e334"}
,"I:\\project2022\\COMP431_531\\assignment4\\assignment4\\src\\components\\main\\MainPage.js": {"path":"I:\\project2022\\COMP431_531\\assignment4\\assignment4\\src\\components\\main\\MainPage.js","statementMap":{"0":{"start":{"line":10,"column":21},"end":{"line":10,"column":34}},"1":{"start":{"line":11,"column":28},"end":{"line":11,"column":60}},"2":{"start":{"line":14,"column":4},"end":{"line":20,"column":10}},"3":{"start":{"line":15,"column":8},"end":{"line":19,"column":9}},"4":{"start":{"line":16,"column":12},"end":{"line":16,"column":25}},"5":{"start":{"line":18,"column":12},"end":{"line":18,"column":72}},"6":{"start":{"line":22,"column":4},"end":{"line":32,"column":5}}},"fnMap":{"0":{"name":"MainPage","decl":{"start":{"line":9,"column":24},"end":{"line":9,"column":32}},"loc":{"start":{"line":9,"column":35},"end":{"line":33,"column":1}},"line":9},"1":{"name":"(anonymous_1)","decl":{"start":{"line":14,"column":14},"end":{"line":14,"column":15}},"loc":{"start":{"line":14,"column":20},"end":{"line":20,"column":5}},"line":14}},"branchMap":{"0":{"loc":{"start":{"line":15,"column":8},"end":{"line":19,"column":9}},"type":"if","locations":[{"start":{"line":15,"column":8},"end":{"line":19,"column":9}},{"start":{},"end":{}}],"line":15}},"s":{"0":1,"1":1,"2":1,"3":1,"4":0,"5":0,"6":1},"f":{"0":1,"1":1},"b":{"0":[0,1]},"_coverageSchema":"1a1c01bbd47fc00a2c39e90264f33305004495a9","hash":"93a83bbadba623472572c2f4721eee49fb9fd326"}
,"I:\\project2022\\COMP431_531\\assignment4\\assignment4\\src\\components\\main\\headline.js": {"path":"I:\\project2022\\COMP431_531\\assignment4\\assignment4\\src\\components\\main\\headline.js","statementMap":{"0":{"start":{"line":7,"column":36},"end":{"line":7,"column":48}},"1":{"start":{"line":8,"column":32},"end":{"line":8,"column":44}},"2":{"start":{"line":9,"column":56},"end":{"line":9,"column":71}},"3":{"start":{"line":12,"column":4},"end":{"line":17,"column":10}},"4":{"start":{"line":13,"column":8},"end":{"line":13,"column":25}},"5":{"start":{"line":14,"column":8},"end":{"line":14,"column":73}},"6":{"start":{"line":22,"column":25},"end":{"line":31,"column":5}},"7":{"start":{"line":23,"column":22},"end":{"line":23,"column":66}},"8":{"start":{"line":24,"column":8},"end":{"line":24,"column":26}},"9":{"start":{"line":25,"column":8},"end":{"line":25,"column":24}},"10":{"start":{"line":27,"column":8},"end":{"line":30,"column":10}},"11":{"start":{"line":34,"column":8},"end":{"line":34,"column":53}},"12":{"start":{"line":38,"column":8},"end":{"line":38,"column":43}},"13":{"start":{"line":39,"column":8},"end":{"line":42,"column":10}},"14":{"start":{"line":46,"column":19},"end":{"line":46,"column":51}},"15":{"start":{"line":47,"column":8},"end":{"line":49,"column":10}},"16":{"start":{"line":48,"column":12},"end":{"line":48,"column":23}},"17":{"start":{"line":53,"column":4},"end":{"line":55,"column":5}},"18":{"start":{"line":54,"column":8},"end":{"line":54,"column":20}},"19":{"start":{"line":59,"column":25},"end":{"line":109,"column":5}},"20":{"start":{"line":60,"column":30},"end":{"line":60,"column":77}},"21":{"start":{"line":62,"column":8},"end":{"line":65,"column":9}},"22":{"start":{"line":63,"column":12},"end":{"line":63,"column":62}},"23":{"start":{"line":64,"column":12},"end":{"line":64,"column":18}},"24":{"start":{"line":68,"column":21},"end":{"line":68,"column":97}},"25":{"start":{"line":68,"column":65},"end":{"line":68,"column":96}},"26":{"start":{"line":69,"column":8},"end":{"line":69,"column":32}},"27":{"start":{"line":70,"column":8},"end":{"line":70,"column":29}},"28":{"start":{"line":71,"column":8},"end":{"line":74,"column":9}},"29":{"start":{"line":72,"column":12},"end":{"line":72,"column":52}},"30":{"start":{"line":73,"column":12},"end":{"line":73,"column":19}},"31":{"start":{"line":76,"column":8},"end":{"line":79,"column":9}},"32":{"start":{"line":77,"column":12},"end":{"line":77,"column":63}},"33":{"start":{"line":78,"column":12},"end":{"line":78,"column":19}},"34":{"start":{"line":81,"column":8},"end":{"line":84,"column":9}},"35":{"start":{"line":81,"column":48},"end":{"line":81,"column":71}},"36":{"start":{"line":82,"column":12},"end":{"line":82,"column":73}},"37":{"start":{"line":83,"column":12},"end":{"line":83,"column":19}},"38":{"start":{"line":87,"column":8},"end":{"line":87,"column":36}},"39":{"start":{"line":88,"column":28},"end":{"line":88,"column":64}},"40":{"start":{"line":90,"column":29},"end":{"line":94,"column":9}},"41":{"start":{"line":95,"column":8},"end":{"line":101,"column":9}},"42":{"start":{"line":96,"column":12},"end":{"line":98,"column":13}},"43":{"start":{"line":100,"column":12},"end":{"line":100,"column":52}},"44":{"start":{"line":103,"column":8},"end":{"line":103,"column":32}},"45":{"start":{"line":104,"column":8},"end":{"line":107,"column":10}},"46":{"start":{"line":108,"column":8},"end":{"line":108,"column":25}},"47":{"start":{"line":111,"column":4},"end":{"line":148,"column":5}},"48":{"start":{"line":127,"column":24},"end":{"line":135,"column":31}},"49":{"start":{"line":132,"column":32},"end":{"line":132,"column":43}}},"fnMap":{"0":{"name":"Headline","decl":{"start":{"line":5,"column":24},"end":{"line":5,"column":32}},"loc":{"start":{"line":5,"column":35},"end":{"line":149,"column":1}},"line":5},"1":{"name":"(anonymous_1)","decl":{"start":{"line":12,"column":14},"end":{"line":12,"column":15}},"loc":{"start":{"line":12,"column":20},"end":{"line":17,"column":5}},"line":12},"2":{"name":"(anonymous_2)","decl":{"start":{"line":22,"column":25},"end":{"line":22,"column":26}},"loc":{"start":{"line":22,"column":31},"end":{"line":31,"column":5}},"line":22},"3":{"name":"refreshUserInfo","decl":{"start":{"line":33,"column":13},"end":{"line":33,"column":28}},"loc":{"start":{"line":33,"column":31},"end":{"line":35,"column":5}},"line":33},"4":{"name":"unFollow","decl":{"start":{"line":37,"column":13},"end":{"line":37,"column":21}},"loc":{"start":{"line":37,"column":29},"end":{"line":50,"column":5}},"line":37},"5":{"name":"(anonymous_5)","decl":{"start":{"line":47,"column":20},"end":{"line":47,"column":21}},"loc":{"start":{"line":47,"column":29},"end":{"line":49,"column":9}},"line":47},"6":{"name":"(anonymous_6)","decl":{"start":{"line":59,"column":25},"end":{"line":59,"column":26}},"loc":{"start":{"line":59,"column":31},"end":{"line":109,"column":5}},"line":59},"7":{"name":"(anonymous_7)","decl":{"start":{"line":68,"column":57},"end":{"line":68,"column":58}},"loc":{"start":{"line":68,"column":65},"end":{"line":68,"column":96}},"line":68},"8":{"name":"(anonymous_8)","decl":{"start":{"line":81,"column":36},"end":{"line":81,"column":37}},"loc":{"start":{"line":81,"column":48},"end":{"line":81,"column":71}},"line":81},"9":{"name":"(anonymous_9)","decl":{"start":{"line":126,"column":46},"end":{"line":126,"column":47}},"loc":{"start":{"line":126,"column":56},"end":{"line":136,"column":21}},"line":126},"10":{"name":"(anonymous_10)","decl":{"start":{"line":131,"column":45},"end":{"line":131,"column":46}},"loc":{"start":{"line":131,"column":51},"end":{"line":133,"column":29}},"line":131}},"branchMap":{"0":{"loc":{"start":{"line":53,"column":4},"end":{"line":55,"column":5}},"type":"if","locations":[{"start":{"line":53,"column":4},"end":{"line":55,"column":5}},{"start":{},"end":{}}],"line":53},"1":{"loc":{"start":{"line":62,"column":8},"end":{"line":65,"column":9}},"type":"if","locations":[{"start":{"line":62,"column":8},"end":{"line":65,"column":9}},{"start":{},"end":{}}],"line":62},"2":{"loc":{"start":{"line":71,"column":8},"end":{"line":74,"column":9}},"type":"if","locations":[{"start":{"line":71,"column":8},"end":{"line":74,"column":9}},{"start":{},"end":{}}],"line":71},"3":{"loc":{"start":{"line":76,"column":8},"end":{"line":79,"column":9}},"type":"if","locations":[{"start":{"line":76,"column":8},"end":{"line":79,"column":9}},{"start":{},"end":{}}],"line":76},"4":{"loc":{"start":{"line":81,"column":8},"end":{"line":84,"column":9}},"type":"if","locations":[{"start":{"line":81,"column":8},"end":{"line":84,"column":9}},{"start":{},"end":{}}],"line":81},"5":{"loc":{"start":{"line":95,"column":8},"end":{"line":101,"column":9}},"type":"if","locations":[{"start":{"line":95,"column":8},"end":{"line":101,"column":9}},{"start":{"line":99,"column":15},"end":{"line":101,"column":9}}],"line":95},"6":{"loc":{"start":{"line":144,"column":17},"end":{"line":144,"column":97}},"type":"binary-expr","locations":[{"start":{"line":144,"column":17},"end":{"line":144,"column":37}},{"start":{"line":144,"column":41},"end":{"line":144,"column":97}}],"line":144}},"s":{"0":2,"1":2,"2":2,"3":2,"4":1,"5":1,"6":2,"7":0,"8":0,"9":0,"10":0,"11":1,"12":0,"13":0,"14":0,"15":0,"16":0,"17":2,"18":1,"19":1,"20":0,"21":0,"22":0,"23":0,"24":0,"25":0,"26":0,"27":0,"28":0,"29":0,"30":0,"31":0,"32":0,"33":0,"34":0,"35":0,"36":0,"37":0,"38":0,"39":0,"40":0,"41":0,"42":0,"43":0,"44":0,"45":0,"46":0,"47":1,"48":3,"49":0},"f":{"0":2,"1":1,"2":0,"3":1,"4":0,"5":0,"6":0,"7":0,"8":0,"9":3,"10":0},"b":{"0":[1,1],"1":[0,0],"2":[0,0],"3":[0,0],"4":[0,0],"5":[0,0],"6":[1,0]},"_coverageSchema":"1a1c01bbd47fc00a2c39e90264f33305004495a9","hash":"937ee679038ba384e2996ac2733a6ff7a5085fca"}
,"I:\\project2022\\COMP431_531\\assignment4\\assignment4\\src\\components\\main\\logoMain.js": {"path":"I:\\project2022\\COMP431_531\\assignment4\\assignment4\\src\\components\\main\\logoMain.js","statementMap":{"0":{"start":{"line":6,"column":21},"end":{"line":6,"column":34}},"1":{"start":{"line":8,"column":19},"end":{"line":14,"column":5}},"2":{"start":{"line":9,"column":8},"end":{"line":12,"column":10}},"3":{"start":{"line":13,"column":8},"end":{"line":13,"column":37}},"4":{"start":{"line":16,"column":4},"end":{"line":37,"column":5}}},"fnMap":{"0":{"name":"LogoMain","decl":{"start":{"line":5,"column":24},"end":{"line":5,"column":32}},"loc":{"start":{"line":5,"column":35},"end":{"line":38,"column":1}},"line":5},"1":{"name":"(anonymous_1)","decl":{"start":{"line":8,"column":19},"end":{"line":8,"column":20}},"loc":{"start":{"line":8,"column":25},"end":{"line":14,"column":5}},"line":8}},"branchMap":{},"s":{"0":1,"1":1,"2":0,"3":0,"4":1},"f":{"0":1,"1":0},"b":{},"_coverageSchema":"1a1c01bbd47fc00a2c39e90264f33305004495a9","hash":"40198969056818d56a63a22070345e24381ebee4"}
,"I:\\project2022\\COMP431_531\\assignment4\\assignment4\\src\\components\\main\\posts\\addPost.js": {"path":"I:\\project2022\\COMP431_531\\assignment4\\assignment4\\src\\components\\main\\posts\\addPost.js","statementMap":{"0":{"start":{"line":5,"column":35},"end":{"line":5,"column":50}},"1":{"start":{"line":6,"column":25},"end":{"line":20,"column":5}},"2":{"start":{"line":7,"column":8},"end":{"line":7,"column":26}},"3":{"start":{"line":9,"column":27},"end":{"line":9,"column":70}},"4":{"start":{"line":10,"column":29},"end":{"line":10,"column":74}},"5":{"start":{"line":11,"column":8},"end":{"line":19,"column":9}},"6":{"start":{"line":12,"column":12},"end":{"line":12,"column":29}},"7":{"start":{"line":14,"column":12},"end":{"line":14,"column":30}},"8":{"start":{"line":15,"column":12},"end":{"line":18,"column":14}},"9":{"start":{"line":22,"column":4},"end":{"line":43,"column":5}}},"fnMap":{"0":{"name":"AddPost","decl":{"start":{"line":4,"column":24},"end":{"line":4,"column":31}},"loc":{"start":{"line":4,"column":39},"end":{"line":44,"column":1}},"line":4},"1":{"name":"(anonymous_1)","decl":{"start":{"line":6,"column":25},"end":{"line":6,"column":26}},"loc":{"start":{"line":6,"column":30},"end":{"line":20,"column":5}},"line":6}},"branchMap":{"0":{"loc":{"start":{"line":11,"column":8},"end":{"line":19,"column":9}},"type":"if","locations":[{"start":{"line":11,"column":8},"end":{"line":19,"column":9}},{"start":{"line":13,"column":14},"end":{"line":19,"column":9}}],"line":11},"1":{"loc":{"start":{"line":11,"column":12},"end":{"line":11,"column":38}},"type":"binary-expr","locations":[{"start":{"line":11,"column":12},"end":{"line":11,"column":23}},{"start":{"line":11,"column":25},"end":{"line":11,"column":38}}],"line":11},"2":{"loc":{"start":{"line":38,"column":17},"end":{"line":38,"column":91}},"type":"binary-expr","locations":[{"start":{"line":38,"column":17},"end":{"line":38,"column":25}},{"start":{"line":38,"column":27},"end":{"line":38,"column":91}}],"line":38}},"s":{"0":2,"1":2,"2":0,"3":0,"4":0,"5":0,"6":0,"7":0,"8":0,"9":2},"f":{"0":2,"1":0},"b":{"0":[0,0],"1":[0,0],"2":[2,0]},"_coverageSchema":"1a1c01bbd47fc00a2c39e90264f33305004495a9","hash":"c7b9a206ab82accd476134a2fe7f651f73592085"}
,"I:\\project2022\\COMP431_531\\assignment4\\assignment4\\src\\components\\main\\posts\\post.js": {"path":"I:\\project2022\\COMP431_531\\assignment4\\assignment4\\src\\components\\main\\posts\\post.js","statementMap":{"0":{"start":{"line":6,"column":37},"end":{"line":6,"column":49}},"1":{"start":{"line":7,"column":41},"end":{"line":7,"column":55}},"2":{"start":{"line":8,"column":24},"end":{"line":11,"column":5}},"3":{"start":{"line":9,"column":26},"end":{"line":9,"column":58}},"4":{"start":{"line":10,"column":8},"end":{"line":10,"column":30}},"5":{"start":{"line":13,"column":26},"end":{"line":13,"column":56}},"6":{"start":{"line":15,"column":4},"end":{"line":23,"column":9}},"7":{"start":{"line":16,"column":8},"end":{"line":16,"column":21}},"8":{"start":{"line":17,"column":29},"end":{"line":19,"column":10}},"9":{"start":{"line":18,"column":12},"end":{"line":18,"column":25}},"10":{"start":{"line":20,"column":8},"end":{"line":22,"column":9}},"11":{"start":{"line":21,"column":12},"end":{"line":21,"column":25}},"12":{"start":{"line":25,"column":19},"end":{"line":25,"column":48}},"13":{"start":{"line":27,"column":17},"end":{"line":27,"column":27}},"14":{"start":{"line":28,"column":18},"end":{"line":28,"column":35}},"15":{"start":{"line":29,"column":16},"end":{"line":29,"column":30}},"16":{"start":{"line":30,"column":17},"end":{"line":30,"column":35}},"17":{"start":{"line":31,"column":17},"end":{"line":31,"column":32}},"18":{"start":{"line":32,"column":19},"end":{"line":32,"column":36}},"19":{"start":{"line":33,"column":19},"end":{"line":33,"column":36}},"20":{"start":{"line":34,"column":22},"end":{"line":34,"column":75}},"21":{"start":{"line":36,"column":21},"end":{"line":36,"column":85}},"22":{"start":{"line":36,"column":45},"end":{"line":36,"column":71}},"23":{"start":{"line":39,"column":8},"end":{"line":39,"column":36}},"24":{"start":{"line":41,"column":4},"end":{"line":65,"column":5}}},"fnMap":{"0":{"name":"Post","decl":{"start":{"line":5,"column":24},"end":{"line":5,"column":28}},"loc":{"start":{"line":5,"column":36},"end":{"line":66,"column":1}},"line":5},"1":{"name":"(anonymous_1)","decl":{"start":{"line":8,"column":24},"end":{"line":8,"column":25}},"loc":{"start":{"line":8,"column":30},"end":{"line":11,"column":5}},"line":8},"2":{"name":"(anonymous_2)","decl":{"start":{"line":15,"column":14},"end":{"line":15,"column":15}},"loc":{"start":{"line":15,"column":18},"end":{"line":23,"column":5}},"line":15},"3":{"name":"(anonymous_3)","decl":{"start":{"line":17,"column":45},"end":{"line":17,"column":46}},"loc":{"start":{"line":17,"column":55},"end":{"line":19,"column":9}},"line":17},"4":{"name":"(anonymous_4)","decl":{"start":{"line":20,"column":15},"end":{"line":20,"column":16}},"loc":{"start":{"line":20,"column":19},"end":{"line":22,"column":9}},"line":20},"5":{"name":"(anonymous_5)","decl":{"start":{"line":36,"column":42},"end":{"line":36,"column":43}},"loc":{"start":{"line":36,"column":45},"end":{"line":36,"column":71}},"line":36},"6":{"name":"switchComment","decl":{"start":{"line":38,"column":13},"end":{"line":38,"column":26}},"loc":{"start":{"line":38,"column":29},"end":{"line":40,"column":5}},"line":38}},"branchMap":{"0":{"loc":{"start":{"line":50,"column":44},"end":{"line":50,"column":105}},"type":"cond-expr","locations":[{"start":{"line":50,"column":60},"end":{"line":50,"column":102}},{"start":{"line":50,"column":103},"end":{"line":50,"column":105}}],"line":50},"1":{"loc":{"start":{"line":59,"column":13},"end":{"line":63,"column":18}},"type":"binary-expr","locations":[{"start":{"line":59,"column":13},"end":{"line":59,"column":24}},{"start":{"line":59,"column":26},"end":{"line":63,"column":18}}],"line":59}},"s":{"0":80,"1":80,"2":80,"3":40,"4":40,"5":80,"6":80,"7":40,"8":40,"9":0,"10":40,"11":40,"12":80,"13":80,"14":80,"15":80,"16":80,"17":80,"18":80,"19":80,"20":80,"21":80,"22":800,"23":0,"24":80},"f":{"0":80,"1":40,"2":40,"3":0,"4":40,"5":800,"6":0},"b":{"0":[0,80],"1":[80,80]},"_coverageSchema":"1a1c01bbd47fc00a2c39e90264f33305004495a9","hash":"420af4b2069d6bb7a60853be88e40895a96f1151"}
,"I:\\project2022\\COMP431_531\\assignment4\\assignment4\\src\\components\\main\\posts\\posts.js": {"path":"I:\\project2022\\COMP431_531\\assignment4\\assignment4\\src\\components\\main\\posts\\posts.js","statementMap":{"0":{"start":{"line":9,"column":29},"end":{"line":9,"column":41}},"1":{"start":{"line":10,"column":41},"end":{"line":10,"column":53}},"2":{"start":{"line":11,"column":41},"end":{"line":11,"column":53}},"3":{"start":{"line":12,"column":4},"end":{"line":21,"column":9}},"4":{"start":{"line":14,"column":8},"end":{"line":14,"column":22}},"5":{"start":{"line":15,"column":29},"end":{"line":17,"column":10}},"6":{"start":{"line":16,"column":12},"end":{"line":16,"column":26}},"7":{"start":{"line":18,"column":8},"end":{"line":20,"column":9}},"8":{"start":{"line":19,"column":12},"end":{"line":19,"column":25}},"9":{"start":{"line":24,"column":25},"end":{"line":24,"column":57}},"10":{"start":{"line":25,"column":21},"end":{"line":28,"column":10}},"11":{"start":{"line":26,"column":30},"end":{"line":26,"column":80}},"12":{"start":{"line":26,"column":64},"end":{"line":26,"column":75}},"13":{"start":{"line":27,"column":12},"end":{"line":27,"column":77}},"14":{"start":{"line":30,"column":8},"end":{"line":30,"column":42}},"15":{"start":{"line":31,"column":8},"end":{"line":31,"column":48}},"16":{"start":{"line":34,"column":20},"end":{"line":64,"column":5}},"17":{"start":{"line":35,"column":21},"end":{"line":35,"column":60}},"18":{"start":{"line":36,"column":22},"end":{"line":36,"column":55}},"19":{"start":{"line":38,"column":28},"end":{"line":44,"column":9}},"20":{"start":{"line":49,"column":8},"end":{"line":49,"column":35}},"21":{"start":{"line":50,"column":8},"end":{"line":50,"column":36}},"22":{"start":{"line":52,"column":8},"end":{"line":54,"column":10}},"23":{"start":{"line":53,"column":12},"end":{"line":53,"column":60}},"24":{"start":{"line":55,"column":8},"end":{"line":57,"column":10}},"25":{"start":{"line":56,"column":12},"end":{"line":56,"column":60}},"26":{"start":{"line":60,"column":8},"end":{"line":60,"column":30}},"27":{"start":{"line":61,"column":8},"end":{"line":61,"column":25}},"28":{"start":{"line":63,"column":8},"end":{"line":63,"column":65}},"29":{"start":{"line":63,"column":36},"end":{"line":63,"column":64}},"30":{"start":{"line":66,"column":19},"end":{"line":78,"column":5}},"31":{"start":{"line":68,"column":23},"end":{"line":68,"column":62}},"32":{"start":{"line":69,"column":28},"end":{"line":69,"column":42}},"33":{"start":{"line":70,"column":8},"end":{"line":77,"column":9}},"34":{"start":{"line":71,"column":12},"end":{"line":71,"column":28}},"35":{"start":{"line":73,"column":25},"end":{"line":75,"column":14}},"36":{"start":{"line":74,"column":16},"end":{"line":74,"column":89}},"37":{"start":{"line":76,"column":12},"end":{"line":76,"column":26}},"38":{"start":{"line":80,"column":4},"end":{"line":95,"column":5}},"39":{"start":{"line":90,"column":20},"end":{"line":90,"column":51}}},"fnMap":{"0":{"name":"Posts","decl":{"start":{"line":8,"column":24},"end":{"line":8,"column":29}},"loc":{"start":{"line":8,"column":32},"end":{"line":96,"column":1}},"line":8},"1":{"name":"(anonymous_1)","decl":{"start":{"line":12,"column":14},"end":{"line":12,"column":15}},"loc":{"start":{"line":12,"column":18},"end":{"line":21,"column":5}},"line":12},"2":{"name":"(anonymous_2)","decl":{"start":{"line":15,"column":45},"end":{"line":15,"column":46}},"loc":{"start":{"line":15,"column":55},"end":{"line":17,"column":9}},"line":15},"3":{"name":"(anonymous_3)","decl":{"start":{"line":18,"column":15},"end":{"line":18,"column":16}},"loc":{"start":{"line":18,"column":19},"end":{"line":20,"column":9}},"line":18},"4":{"name":"refreshPosts","decl":{"start":{"line":23,"column":13},"end":{"line":23,"column":25}},"loc":{"start":{"line":23,"column":28},"end":{"line":32,"column":5}},"line":23},"5":{"name":"(anonymous_5)","decl":{"start":{"line":25,"column":38},"end":{"line":25,"column":39}},"loc":{"start":{"line":25,"column":41},"end":{"line":28,"column":9}},"line":25},"6":{"name":"(anonymous_6)","decl":{"start":{"line":26,"column":54},"end":{"line":26,"column":55}},"loc":{"start":{"line":26,"column":64},"end":{"line":26,"column":75}},"line":26},"7":{"name":"(anonymous_7)","decl":{"start":{"line":34,"column":20},"end":{"line":34,"column":21}},"loc":{"start":{"line":34,"column":41},"end":{"line":64,"column":5}},"line":34},"8":{"name":"(anonymous_8)","decl":{"start":{"line":52,"column":20},"end":{"line":52,"column":21}},"loc":{"start":{"line":52,"column":27},"end":{"line":54,"column":9}},"line":52},"9":{"name":"(anonymous_9)","decl":{"start":{"line":55,"column":21},"end":{"line":55,"column":22}},"loc":{"start":{"line":55,"column":28},"end":{"line":57,"column":9}},"line":55},"10":{"name":"(anonymous_10)","decl":{"start":{"line":63,"column":23},"end":{"line":63,"column":24}},"loc":{"start":{"line":63,"column":36},"end":{"line":63,"column":64}},"line":63},"11":{"name":"(anonymous_11)","decl":{"start":{"line":66,"column":19},"end":{"line":66,"column":20}},"loc":{"start":{"line":66,"column":26},"end":{"line":78,"column":5}},"line":66},"12":{"name":"(anonymous_12)","decl":{"start":{"line":73,"column":39},"end":{"line":73,"column":40}},"loc":{"start":{"line":73,"column":42},"end":{"line":75,"column":13}},"line":73},"13":{"name":"(anonymous_13)","decl":{"start":{"line":89,"column":27},"end":{"line":89,"column":28}},"loc":{"start":{"line":89,"column":34},"end":{"line":91,"column":17}},"line":89}},"branchMap":{"0":{"loc":{"start":{"line":26,"column":30},"end":{"line":26,"column":80}},"type":"binary-expr","locations":[{"start":{"line":26,"column":30},"end":{"line":26,"column":76}},{"start":{"line":26,"column":78},"end":{"line":26,"column":80}}],"line":26},"1":{"loc":{"start":{"line":27,"column":19},"end":{"line":27,"column":77}},"type":"binary-expr","locations":[{"start":{"line":27,"column":19},"end":{"line":27,"column":49}},{"start":{"line":27,"column":53},"end":{"line":27,"column":77}}],"line":27},"2":{"loc":{"start":{"line":53,"column":28},"end":{"line":53,"column":37}},"type":"binary-expr","locations":[{"start":{"line":53,"column":28},"end":{"line":53,"column":34}},{"start":{"line":53,"column":36},"end":{"line":53,"column":37}}],"line":53},"3":{"loc":{"start":{"line":53,"column":50},"end":{"line":53,"column":59}},"type":"binary-expr","locations":[{"start":{"line":53,"column":50},"end":{"line":53,"column":56}},{"start":{"line":53,"column":58},"end":{"line":53,"column":59}}],"line":53},"4":{"loc":{"start":{"line":56,"column":28},"end":{"line":56,"column":37}},"type":"binary-expr","locations":[{"start":{"line":56,"column":28},"end":{"line":56,"column":34}},{"start":{"line":56,"column":36},"end":{"line":56,"column":37}}],"line":56},"5":{"loc":{"start":{"line":56,"column":50},"end":{"line":56,"column":59}},"type":"binary-expr","locations":[{"start":{"line":56,"column":50},"end":{"line":56,"column":56}},{"start":{"line":56,"column":58},"end":{"line":56,"column":59}}],"line":56},"6":{"loc":{"start":{"line":70,"column":8},"end":{"line":77,"column":9}},"type":"if","locations":[{"start":{"line":70,"column":8},"end":{"line":77,"column":9}},{"start":{"line":72,"column":13},"end":{"line":77,"column":9}}],"line":70},"7":{"loc":{"start":{"line":74,"column":26},"end":{"line":74,"column":87}},"type":"binary-expr","locations":[{"start":{"line":74,"column":26},"end":{"line":74,"column":55}},{"start":{"line":74,"column":59},"end":{"line":74,"column":87}}],"line":74}},"s":{"0":2,"1":2,"2":2,"3":2,"4":1,"5":1,"6":0,"7":1,"8":1,"9":1,"10":1,"11":100,"12":300,"13":100,"14":1,"15":1,"16":2,"17":0,"18":0,"19":0,"20":0,"21":0,"22":0,"23":0,"24":0,"25":0,"26":0,"27":0,"28":0,"29":0,"30":2,"31":0,"32":0,"33":0,"34":0,"35":0,"36":0,"37":0,"38":2,"39":40},"f":{"0":2,"1":1,"2":0,"3":1,"4":1,"5":100,"6":300,"7":0,"8":0,"9":0,"10":0,"11":0,"12":0,"13":40},"b":{"0":[100,0],"1":[100,70],"2":[0,0],"3":[0,0],"4":[0,0],"5":[0,0],"6":[0,0],"7":[0,0]},"_coverageSchema":"1a1c01bbd47fc00a2c39e90264f33305004495a9","hash":"7ea6857a312292a10774710a8fb07d4b68569095"}
,"I:\\project2022\\COMP431_531\\assignment4\\assignment4\\src\\components\\profile\\ProfilePage.js": {"path":"I:\\project2022\\COMP431_531\\assignment4\\assignment4\\src\\components\\profile\\ProfilePage.js","statementMap":{"0":{"start":{"line":6,"column":4},"end":{"line":25,"column":5}}},"fnMap":{"0":{"name":"ProfilePage","decl":{"start":{"line":4,"column":24},"end":{"line":4,"column":35}},"loc":{"start":{"line":4,"column":38},"end":{"line":26,"column":1}},"line":4}},"branchMap":{},"s":{"0":0},"f":{"0":0},"b":{},"_coverageSchema":"1a1c01bbd47fc00a2c39e90264f33305004495a9","hash":"9d3e153971bbbdfddeb21e75e214b176a59819f8"}
,"I:\\project2022\\COMP431_531\\assignment4\\assignment4\\src\\components\\profile\\current.js": {"path":"I:\\project2022\\COMP431_531\\assignment4\\assignment4\\src\\components\\profile\\current.js","statementMap":{"0":{"start":{"line":5,"column":36},"end":{"line":5,"column":48}},"1":{"start":{"line":7,"column":24},"end":{"line":10,"column":5}},"2":{"start":{"line":8,"column":26},"end":{"line":8,"column":86}},"3":{"start":{"line":9,"column":8},"end":{"line":9,"column":30}},"4":{"start":{"line":12,"column":4},"end":{"line":20,"column":9}},"5":{"start":{"line":13,"column":6},"end":{"line":13,"column":19}},"6":{"start":{"line":14,"column":27},"end":{"line":16,"column":10}},"7":{"start":{"line":15,"column":12},"end":{"line":15,"column":25}},"8":{"start":{"line":17,"column":8},"end":{"line":19,"column":9}},"9":{"start":{"line":18,"column":12},"end":{"line":18,"column":25}},"10":{"start":{"line":23,"column":4},"end":{"line":37,"column":5}}},"fnMap":{"0":{"name":"CurrentInfo","decl":{"start":{"line":4,"column":24},"end":{"line":4,"column":35}},"loc":{"start":{"line":4,"column":38},"end":{"line":38,"column":1}},"line":4},"1":{"name":"(anonymous_1)","decl":{"start":{"line":7,"column":24},"end":{"line":7,"column":25}},"loc":{"start":{"line":7,"column":30},"end":{"line":10,"column":5}},"line":7},"2":{"name":"(anonymous_2)","decl":{"start":{"line":12,"column":14},"end":{"line":12,"column":15}},"loc":{"start":{"line":12,"column":18},"end":{"line":20,"column":5}},"line":12},"3":{"name":"(anonymous_3)","decl":{"start":{"line":14,"column":43},"end":{"line":14,"column":44}},"loc":{"start":{"line":14,"column":53},"end":{"line":16,"column":9}},"line":14},"4":{"name":"(anonymous_4)","decl":{"start":{"line":17,"column":15},"end":{"line":17,"column":16}},"loc":{"start":{"line":17,"column":19},"end":{"line":19,"column":9}},"line":17}},"branchMap":{},"s":{"0":0,"1":0,"2":0,"3":0,"4":0,"5":0,"6":0,"7":0,"8":0,"9":0,"10":0},"f":{"0":0,"1":0,"2":0,"3":0,"4":0},"b":{},"_coverageSchema":"1a1c01bbd47fc00a2c39e90264f33305004495a9","hash":"91e5c698c8fd5d4bdcadbcbb93e8c8c29008f7d2"}
,"I:\\project2022\\COMP431_531\\assignment4\\assignment4\\src\\components\\profile\\logoProfile.js": {"path":"I:\\project2022\\COMP431_531\\assignment4\\assignment4\\src\\components\\profile\\logoProfile.js","statementMap":{"0":{"start":{"line":4,"column":4},"end":{"line":23,"column":5}}},"fnMap":{"0":{"name":"LogoProfile","decl":{"start":{"line":3,"column":24},"end":{"line":3,"column":35}},"loc":{"start":{"line":3,"column":38},"end":{"line":24,"column":1}},"line":3}},"branchMap":{},"s":{"0":0},"f":{"0":0},"b":{},"_coverageSchema":"1a1c01bbd47fc00a2c39e90264f33305004495a9","hash":"1ac63fbd53beb26326f72ac9f8ca332cbf6277b6"}
,"I:\\project2022\\COMP431_531\\assignment4\\assignment4\\src\\components\\profile\\update.js": {"path":"I:\\project2022\\COMP431_531\\assignment4\\assignment4\\src\\components\\profile\\update.js","statementMap":{"0":{"start":{"line":8,"column":37},"end":{"line":8,"column":52}},"1":{"start":{"line":9,"column":41},"end":{"line":9,"column":56}},"2":{"start":{"line":10,"column":35},"end":{"line":10,"column":50}},"3":{"start":{"line":11,"column":35},"end":{"line":11,"column":50}},"4":{"start":{"line":13,"column":39},"end":{"line":13,"column":54}},"5":{"start":{"line":15,"column":18},"end":{"line":15,"column":78}},"6":{"start":{"line":16,"column":25},"end":{"line":76,"column":5}},"7":{"start":{"line":18,"column":8},"end":{"line":18,"column":26}},"8":{"start":{"line":19,"column":30},"end":{"line":19,"column":78}},"9":{"start":{"line":20,"column":27},"end":{"line":20,"column":72}},"10":{"start":{"line":21,"column":27},"end":{"line":21,"column":72}},"11":{"start":{"line":22,"column":29},"end":{"line":22,"column":76}},"12":{"start":{"line":23,"column":30},"end":{"line":23,"column":78}},"13":{"start":{"line":25,"column":8},"end":{"line":75,"column":9}},"14":{"start":{"line":26,"column":12},"end":{"line":26,"column":30}},"15":{"start":{"line":28,"column":12},"end":{"line":28,"column":31}},"16":{"start":{"line":30,"column":12},"end":{"line":37,"column":13}},"17":{"start":{"line":31,"column":16},"end":{"line":36,"column":17}},"18":{"start":{"line":32,"column":20},"end":{"line":32,"column":41}},"19":{"start":{"line":33,"column":20},"end":{"line":33,"column":53}},"20":{"start":{"line":35,"column":20},"end":{"line":35,"column":40}},"21":{"start":{"line":39,"column":11},"end":{"line":46,"column":12}},"22":{"start":{"line":40,"column":15},"end":{"line":45,"column":16}},"23":{"start":{"line":41,"column":24},"end":{"line":41,"column":42}},"24":{"start":{"line":42,"column":24},"end":{"line":42,"column":51}},"25":{"start":{"line":44,"column":19},"end":{"line":44,"column":36}},"26":{"start":{"line":48,"column":11},"end":{"line":55,"column":12}},"27":{"start":{"line":49,"column":15},"end":{"line":54,"column":16}},"28":{"start":{"line":50,"column":19},"end":{"line":50,"column":37}},"29":{"start":{"line":51,"column":19},"end":{"line":51,"column":46}},"30":{"start":{"line":53,"column":19},"end":{"line":53,"column":36}},"31":{"start":{"line":57,"column":11},"end":{"line":64,"column":12}},"32":{"start":{"line":58,"column":16},"end":{"line":63,"column":17}},"33":{"start":{"line":59,"column":21},"end":{"line":59,"column":41}},"34":{"start":{"line":60,"column":21},"end":{"line":60,"column":60}},"35":{"start":{"line":62,"column":21},"end":{"line":62,"column":40}},"36":{"start":{"line":66,"column":11},"end":{"line":69,"column":12}},"37":{"start":{"line":67,"column":15},"end":{"line":67,"column":48}},"38":{"start":{"line":68,"column":15},"end":{"line":68,"column":54}},"39":{"start":{"line":71,"column":12},"end":{"line":74,"column":14}},"40":{"start":{"line":78,"column":4},"end":{"line":107,"column":5}}},"fnMap":{"0":{"name":"Update","decl":{"start":{"line":7,"column":24},"end":{"line":7,"column":30}},"loc":{"start":{"line":7,"column":33},"end":{"line":108,"column":1}},"line":7},"1":{"name":"(anonymous_1)","decl":{"start":{"line":16,"column":25},"end":{"line":16,"column":26}},"loc":{"start":{"line":16,"column":30},"end":{"line":76,"column":5}},"line":16}},"branchMap":{"0":{"loc":{"start":{"line":25,"column":8},"end":{"line":75,"column":9}},"type":"if","locations":[{"start":{"line":25,"column":8},"end":{"line":75,"column":9}},{"start":{"line":27,"column":13},"end":{"line":75,"column":9}}],"line":25},"1":{"loc":{"start":{"line":25,"column":12},"end":{"line":25,"column":83}},"type":"binary-expr","locations":[{"start":{"line":25,"column":12},"end":{"line":25,"column":26}},{"start":{"line":25,"column":28},"end":{"line":25,"column":39}},{"start":{"line":25,"column":41},"end":{"line":25,"column":52}},{"start":{"line":25,"column":54},"end":{"line":25,"column":68}},{"start":{"line":25,"column":70},"end":{"line":25,"column":83}}],"line":25},"2":{"loc":{"start":{"line":30,"column":12},"end":{"line":37,"column":13}},"type":"if","locations":[{"start":{"line":30,"column":12},"end":{"line":37,"column":13}},{"start":{},"end":{}}],"line":30},"3":{"loc":{"start":{"line":31,"column":16},"end":{"line":36,"column":17}},"type":"if","locations":[{"start":{"line":31,"column":16},"end":{"line":36,"column":17}},{"start":{"line":34,"column":21},"end":{"line":36,"column":17}}],"line":31},"4":{"loc":{"start":{"line":39,"column":11},"end":{"line":46,"column":12}},"type":"if","locations":[{"start":{"line":39,"column":11},"end":{"line":46,"column":12}},{"start":{},"end":{}}],"line":39},"5":{"loc":{"start":{"line":40,"column":15},"end":{"line":45,"column":16}},"type":"if","locations":[{"start":{"line":40,"column":15},"end":{"line":45,"column":16}},{"start":{"line":43,"column":26},"end":{"line":45,"column":16}}],"line":40},"6":{"loc":{"start":{"line":48,"column":11},"end":{"line":55,"column":12}},"type":"if","locations":[{"start":{"line":48,"column":11},"end":{"line":55,"column":12}},{"start":{},"end":{}}],"line":48},"7":{"loc":{"start":{"line":49,"column":15},"end":{"line":54,"column":16}},"type":"if","locations":[{"start":{"line":49,"column":15},"end":{"line":54,"column":16}},{"start":{"line":52,"column":20},"end":{"line":54,"column":16}}],"line":49},"8":{"loc":{"start":{"line":57,"column":11},"end":{"line":64,"column":12}},"type":"if","locations":[{"start":{"line":57,"column":11},"end":{"line":64,"column":12}},{"start":{},"end":{}}],"line":57},"9":{"loc":{"start":{"line":58,"column":16},"end":{"line":63,"column":17}},"type":"if","locations":[{"start":{"line":58,"column":16},"end":{"line":63,"column":17}},{"start":{"line":61,"column":21},"end":{"line":63,"column":17}}],"line":58},"10":{"loc":{"start":{"line":66,"column":11},"end":{"line":69,"column":12}},"type":"if","locations":[{"start":{"line":66,"column":11},"end":{"line":69,"column":12}},{"start":{},"end":{}}],"line":66},"11":{"loc":{"start":{"line":86,"column":17},"end":{"line":86,"column":97}},"type":"binary-expr","locations":[{"start":{"line":86,"column":17},"end":{"line":86,"column":28}},{"start":{"line":86,"column":30},"end":{"line":86,"column":97}}],"line":86},"12":{"loc":{"start":{"line":90,"column":17},"end":{"line":90,"column":94}},"type":"binary-expr","locations":[{"start":{"line":90,"column":17},"end":{"line":90,"column":25}},{"start":{"line":90,"column":27},"end":{"line":90,"column":94}}],"line":90},"13":{"loc":{"start":{"line":94,"column":17},"end":{"line":94,"column":94}},"type":"binary-expr","locations":[{"start":{"line":94,"column":17},"end":{"line":94,"column":25}},{"start":{"line":94,"column":27},"end":{"line":94,"column":94}}],"line":94},"14":{"loc":{"start":{"line":98,"column":17},"end":{"line":98,"column":96}},"type":"binary-expr","locations":[{"start":{"line":98,"column":17},"end":{"line":98,"column":27}},{"start":{"line":98,"column":29},"end":{"line":98,"column":96}}],"line":98},"15":{"loc":{"start":{"line":103,"column":17},"end":{"line":103,"column":97}},"type":"binary-expr","locations":[{"start":{"line":103,"column":17},"end":{"line":103,"column":26}},{"start":{"line":103,"column":28},"end":{"line":103,"column":97}}],"line":103}},"s":{"0":0,"1":0,"2":0,"3":0,"4":0,"5":0,"6":0,"7":0,"8":0,"9":0,"10":0,"11":0,"12":0,"13":0,"14":0,"15":0,"16":0,"17":0,"18":0,"19":0,"20":0,"21":0,"22":0,"23":0,"24":0,"25":0,"26":0,"27":0,"28":0,"29":0,"30":0,"31":0,"32":0,"33":0,"34":0,"35":0,"36":0,"37":0,"38":0,"39":0,"40":0},"f":{"0":0,"1":0},"b":{"0":[0,0],"1":[0,0,0,0,0],"2":[0,0],"3":[0,0],"4":[0,0],"5":[0,0],"6":[0,0],"7":[0,0],"8":[0,0],"9":[0,0],"10":[0,0],"11":[0,0],"12":[0,0],"13":[0,0],"14":[0,0],"15":[0,0]},"_coverageSchema":"1a1c01bbd47fc00a2c39e90264f33305004495a9","hash":"961ef1cae987d71e0a7a65b56d787ad11b557698"}
,"I:\\project2022\\COMP431_531\\assignment4\\assignment4\\src\\store\\index.js": {"path":"I:\\project2022\\COMP431_531\\assignment4\\assignment4\\src\\store\\index.js","statementMap":{"0":{"start":{"line":4,"column":14},"end":{"line":4,"column":34}}},"fnMap":{},"branchMap":{},"s":{"0":1},"f":{},"b":{},"_coverageSchema":"1a1c01bbd47fc00a2c39e90264f33305004495a9","hash":"3ce378c671baf648bcff7831437dd873d9bdb710"}
,"I:\\project2022\\COMP431_531\\assignment4\\assignment4\\src\\store\\reducer.js": {"path":"I:\\project2022\\COMP431_531\\assignment4\\assignment4\\src\\store\\reducer.js","statementMap":{"0":{"start":{"line":3,"column":28},"end":{"line":3,"column":126}},"1":{"start":{"line":5,"column":26},"end":{"line":5,"column":122}},"2":{"start":{"line":7,"column":21},"end":{"line":10,"column":1}},"3":{"start":{"line":14,"column":4},"end":{"line":31,"column":5}},"4":{"start":{"line":15,"column":25},"end":{"line":15,"column":58}},"5":{"start":{"line":16,"column":8},"end":{"line":16,"column":68}},"6":{"start":{"line":17,"column":8},"end":{"line":17,"column":48}},"7":{"start":{"line":18,"column":8},"end":{"line":24,"column":9}},"8":{"start":{"line":19,"column":12},"end":{"line":21,"column":13}},"9":{"start":{"line":20,"column":16},"end":{"line":20,"column":35}},"10":{"start":{"line":22,"column":12},"end":{"line":22,"column":23}},"11":{"start":{"line":25,"column":8},"end":{"line":25,"column":90}},"12":{"start":{"line":26,"column":8},"end":{"line":26,"column":86}},"13":{"start":{"line":28,"column":8},"end":{"line":30,"column":9}},"14":{"start":{"line":33,"column":4},"end":{"line":40,"column":5}},"15":{"start":{"line":34,"column":25},"end":{"line":34,"column":58}},"16":{"start":{"line":35,"column":8},"end":{"line":35,"column":46}},"17":{"start":{"line":36,"column":8},"end":{"line":36,"column":86}},"18":{"start":{"line":37,"column":8},"end":{"line":39,"column":9}},"19":{"start":{"line":41,"column":4},"end":{"line":41,"column":16}}},"fnMap":{"0":{"name":"(anonymous_0)","decl":{"start":{"line":13,"column":15},"end":{"line":13,"column":16}},"loc":{"start":{"line":13,"column":49},"end":{"line":42,"column":1}},"line":13},"1":{"name":"(anonymous_1)","decl":{"start":{"line":18,"column":60},"end":{"line":18,"column":61}},"loc":{"start":{"line":18,"column":68},"end":{"line":23,"column":9}},"line":18}},"branchMap":{"0":{"loc":{"start":{"line":3,"column":28},"end":{"line":3,"column":126}},"type":"cond-expr","locations":[{"start":{"line":3,"column":70},"end":{"line":3,"column":121}},{"start":{"line":3,"column":124},"end":{"line":3,"column":126}}],"line":3},"1":{"loc":{"start":{"line":5,"column":26},"end":{"line":5,"column":122}},"type":"cond-expr","locations":[{"start":{"line":5,"column":66},"end":{"line":5,"column":115}},{"start":{"line":5,"column":118},"end":{"line":5,"column":122}}],"line":5},"2":{"loc":{"start":{"line":9,"column":19},"end":{"line":9,"column":51}},"type":"binary-expr","locations":[{"start":{"line":9,"column":19},"end":{"line":9,"column":36}},{"start":{"line":9,"column":38},"end":{"line":9,"column":51}}],"line":9},"3":{"loc":{"start":{"line":13,"column":16},"end":{"line":13,"column":36}},"type":"default-arg","locations":[{"start":{"line":13,"column":24},"end":{"line":13,"column":36}}],"line":13},"4":{"loc":{"start":{"line":14,"column":4},"end":{"line":31,"column":5}},"type":"if","locations":[{"start":{"line":14,"column":4},"end":{"line":31,"column":5}},{"start":{},"end":{}}],"line":14},"5":{"loc":{"start":{"line":19,"column":12},"end":{"line":21,"column":13}},"type":"if","locations":[{"start":{"line":19,"column":12},"end":{"line":21,"column":13}},{"start":{},"end":{}}],"line":19},"6":{"loc":{"start":{"line":33,"column":4},"end":{"line":40,"column":5}},"type":"if","locations":[{"start":{"line":33,"column":4},"end":{"line":40,"column":5}},{"start":{},"end":{}}],"line":33}},"s":{"0":1,"1":1,"2":1,"3":2,"4":1,"5":1,"6":1,"7":1,"8":10,"9":1,"10":10,"11":1,"12":1,"13":1,"14":1,"15":0,"16":0,"17":0,"18":0,"19":1},"f":{"0":2,"1":10},"b":{"0":[0,1],"1":[0,1],"2":[1,1],"3":[1],"4":[1,1],"5":[1,9],"6":[0,1]},"_coverageSchema":"1a1c01bbd47fc00a2c39e90264f33305004495a9","hash":"f5b1a0cfb7fd039672460c843a982e17123c5345"}
,"I:\\project2022\\COMP431_531\\assignment4\\assignment4\\src\\utils\\index.js": {"path":"I:\\project2022\\COMP431_531\\assignment4\\assignment4\\src\\utils\\index.js","statementMap":{"0":{"start":{"line":3,"column":4},"end":{"line":3,"column":73}},"1":{"start":{"line":7,"column":4},"end":{"line":7,"column":62}},"2":{"start":{"line":8,"column":4},"end":{"line":8,"column":50}},"3":{"start":{"line":11,"column":0},"end":{"line":14,"column":1}}},"fnMap":{"0":{"name":"validateLogin","decl":{"start":{"line":2,"column":9},"end":{"line":2,"column":22}},"loc":{"start":{"line":2,"column":49},"end":{"line":4,"column":1}},"line":2},"1":{"name":"logout","decl":{"start":{"line":6,"column":9},"end":{"line":6,"column":15}},"loc":{"start":{"line":6,"column":17},"end":{"line":9,"column":1}},"line":6}},"branchMap":{"0":{"loc":{"start":{"line":3,"column":11},"end":{"line":3,"column":73}},"type":"binary-expr","locations":[{"start":{"line":3,"column":11},"end":{"line":3,"column":37}},{"start":{"line":3,"column":41},"end":{"line":3,"column":73}}],"line":3}},"s":{"0":10,"1":0,"2":0,"3":1},"f":{"0":10,"1":0},"b":{"0":[10,1]},"_coverageSchema":"1a1c01bbd47fc00a2c39e90264f33305004495a9","hash":"67c5541679e3d8fc2128563f5cbc081143d4b6f6"}
,"I:\\project2022\\COMP431_531\\assignment4\\assignment4\\src\\utils\\registerRules.js": {"path":"I:\\project2022\\COMP431_531\\assignment4\\assignment4\\src\\utils\\registerRules.js","statementMap":{"0":{"start":{"line":1,"column":14},"end":{"line":49,"column":2}}},"fnMap":{},"branchMap":{},"s":{"0":1},"f":{},"b":{},"_coverageSchema":"1a1c01bbd47fc00a2c39e90264f33305004495a9","hash":"5fd79384c0d618c6f9a34901b5de7df34984e756"}
}
