TN:
SF:src\App.js
FN:10,App
FNF:1
FNH:1
FNDA:2,App
DA:11,2
LF:1
LH:1
BRF:0
BRH:0
end_of_record
TN:
SF:src\index.js
FNF:0
FNH:0
DA:9,0
DA:10,0
LF:2
LH:0
BRF:0
BRH:0
end_of_record
TN:
SF:src\components\auth\LandingPage.js
FN:10,LandingPage
FNF:1
FNH:1
FNDA:2,LandingPage
DA:12,2
LF:1
LH:1
BRF:0
BRH:0
end_of_record
TN:
SF:src\components\auth\login.js
FN:7,(anonymous_0)
FN:14,(anonymous_1)
FN:22,(anonymous_2)
FN:27,(anonymous_3)
FN:34,(anonymous_4)
FN:64,(anonymous_5)
FN:74,(anonymous_6)
FN:76,(anonymous_7)
FNF:8
FNH:5
FNDA:2,(anonymous_0)
FNDA:1,(anonymous_1)
FNDA:10,(anonymous_2)
FNDA:3,(anonymous_3)
FNDA:3,(anonymous_4)
FNDA:0,(anonymous_5)
FNDA:0,(anonymous_6)
FNDA:0,(anonymous_7)
DA:7,1
DA:8,2
DA:9,2
DA:10,2
DA:11,2
DA:12,2
DA:14,2
DA:15,1
DA:17,1
DA:19,1
DA:20,1
DA:21,1
DA:22,1
DA:23,10
DA:24,10
DA:25,1
DA:26,1
DA:27,1
DA:28,3
DA:29,0
DA:31,3
DA:34,1
DA:35,3
DA:39,1
DA:54,1
DA:55,1
DA:60,0
DA:61,0
DA:63,0
DA:64,0
DA:65,0
DA:69,2
DA:74,0
DA:76,0
LF:34
LH:26
BRDA:24,0,0,1
BRDA:24,0,1,9
BRDA:26,1,0,1
BRDA:26,1,1,0
BRDA:28,2,0,0
BRDA:28,2,1,3
BRDA:54,3,0,1
BRDA:54,3,1,0
BRDA:81,4,0,0
BRDA:81,4,1,2
BRF:10
BRH:6
end_of_record
TN:
SF:src\components\auth\logoLand.js
FN:3,LogoLand
FNF:1
FNH:1
FNDA:2,LogoLand
DA:4,2
LF:1
LH:1
BRF:0
BRH:0
end_of_record
TN:
SF:src\components\auth\register.js
FN:8,Register
FN:18,(anonymous_1)
FN:26,(anonymous_2)
FN:29,(anonymous_3)
FN:41,(anonymous_4)
FN:81,(anonymous_5)
FN:88,(anonymous_6)
FN:106,(anonymous_7)
FN:110,(anonymous_8)
FNF:9
FNH:3
FNDA:2,Register
FNDA:0,(anonymous_1)
FNDA:0,(anonymous_2)
FNDA:0,(anonymous_3)
FNDA:0,(anonymous_4)
FNDA:0,(anonymous_5)
FNDA:14,(anonymous_6)
FNDA:14,(anonymous_7)
FNDA:0,(anonymous_8)
DA:9,2
DA:10,2
DA:11,2
DA:12,2
DA:16,2
DA:18,2
DA:19,0
DA:20,0
DA:22,0
DA:26,2
DA:27,0
DA:28,0
DA:29,0
DA:30,0
DA:31,0
DA:32,0
DA:34,0
DA:36,0
DA:37,0
DA:39,0
DA:41,0
DA:42,0
DA:43,0
DA:45,0
DA:50,0
DA:51,0
DA:63,0
DA:65,0
DA:70,0
DA:71,0
DA:73,0
DA:77,0
DA:81,2
DA:82,0
DA:85,2
DA:88,14
DA:106,1
DA:107,14
DA:108,14
DA:110,14
DA:111,0
DA:112,0
DA:113,0
DA:114,0
DA:116,0
DA:119,0
DA:120,0
DA:121,0
DA:123,0
DA:128,14
LF:50
LH:15
BRDA:19,0,0,0
BRDA:19,0,1,0
BRDA:31,1,0,0
BRDA:31,1,1,0
BRDA:36,2,0,0
BRDA:36,2,1,0
BRDA:39,3,0,0
BRDA:39,3,1,0
BRDA:41,4,0,0
BRDA:41,4,1,0
BRDA:98,5,0,2
BRDA:98,5,1,0
BRDA:111,6,0,0
BRDA:111,6,1,0
BRDA:112,7,0,0
BRDA:112,7,1,0
BRDA:119,8,0,0
BRDA:119,8,1,0
BRDA:120,9,0,0
BRDA:120,9,1,0
BRDA:120,10,0,0
BRDA:120,10,1,0
BRDA:120,10,2,0
BRDA:136,11,0,14
BRDA:136,11,1,0
BRF:25
BRH:2
end_of_record
TN:
SF:src\components\main\MainPage.js
FN:9,MainPage
FN:14,(anonymous_1)
FNF:2
FNH:2
FNDA:1,MainPage
FNDA:1,(anonymous_1)
DA:10,1
DA:11,1
DA:14,1
DA:15,1
DA:16,0
DA:18,0
DA:22,1
LF:7
LH:5
BRDA:15,0,0,0
BRDA:15,0,1,1
BRF:2
BRH:1
end_of_record
TN:
SF:src\components\main\headline.js
FN:5,Headline
FN:12,(anonymous_1)
FN:22,(anonymous_2)
FN:33,refreshUserInfo
FN:37,unFollow
FN:47,(anonymous_5)
FN:59,(anonymous_6)
FN:68,(anonymous_7)
FN:81,(anonymous_8)
FN:126,(anonymous_9)
FN:131,(anonymous_10)
FNF:11
FNH:4
FNDA:2,Headline
FNDA:1,(anonymous_1)
FNDA:0,(anonymous_2)
FNDA:1,refreshUserInfo
FNDA:0,unFollow
FNDA:0,(anonymous_5)
FNDA:0,(anonymous_6)
FNDA:0,(anonymous_7)
FNDA:0,(anonymous_8)
FNDA:3,(anonymous_9)
FNDA:0,(anonymous_10)
DA:7,2
DA:8,2
DA:9,2
DA:12,2
DA:13,1
DA:14,1
DA:22,2
DA:23,0
DA:24,0
DA:25,0
DA:27,0
DA:34,1
DA:38,0
DA:39,0
DA:46,0
DA:47,0
DA:48,0
DA:53,2
DA:54,1
DA:59,1
DA:60,0
DA:62,0
DA:63,0
DA:64,0
DA:68,0
DA:69,0
DA:70,0
DA:71,0
DA:72,0
DA:73,0
DA:76,0
DA:77,0
DA:78,0
DA:81,0
DA:82,0
DA:83,0
DA:87,0
DA:88,0
DA:90,0
DA:95,0
DA:96,0
DA:100,0
DA:103,0
DA:104,0
DA:108,0
DA:111,1
DA:127,3
DA:132,0
LF:48
LH:13
BRDA:53,0,0,1
BRDA:53,0,1,1
BRDA:62,1,0,0
BRDA:62,1,1,0
BRDA:71,2,0,0
BRDA:71,2,1,0
BRDA:76,3,0,0
BRDA:76,3,1,0
BRDA:81,4,0,0
BRDA:81,4,1,0
BRDA:95,5,0,0
BRDA:95,5,1,0
BRDA:144,6,0,1
BRDA:144,6,1,0
BRF:14
BRH:3
end_of_record
TN:
SF:src\components\main\logoMain.js
FN:5,LogoMain
FN:8,(anonymous_1)
FNF:2
FNH:1
FNDA:1,LogoMain
FNDA:0,(anonymous_1)
DA:6,1
DA:8,1
DA:9,0
DA:13,0
DA:16,1
LF:5
LH:3
BRF:0
BRH:0
end_of_record
TN:
SF:src\components\main\posts\addPost.js
FN:4,AddPost
FN:6,(anonymous_1)
FNF:2
FNH:1
FNDA:2,AddPost
FNDA:0,(anonymous_1)
DA:5,2
DA:6,2
DA:7,0
DA:9,0
DA:10,0
DA:11,0
DA:12,0
DA:14,0
DA:15,0
DA:22,2
LF:10
LH:3
BRDA:11,0,0,0
BRDA:11,0,1,0
BRDA:11,1,0,0
BRDA:11,1,1,0
BRDA:38,2,0,2
BRDA:38,2,1,0
BRF:6
BRH:1
end_of_record
TN:
SF:src\components\main\posts\post.js
FN:5,Post
FN:8,(anonymous_1)
FN:15,(anonymous_2)
FN:17,(anonymous_3)
FN:20,(anonymous_4)
FN:36,(anonymous_5)
FN:38,switchComment
FNF:7
FNH:5
FNDA:80,Post
FNDA:40,(anonymous_1)
FNDA:40,(anonymous_2)
FNDA:0,(anonymous_3)
FNDA:40,(anonymous_4)
FNDA:800,(anonymous_5)
FNDA:0,switchComment
DA:6,80
DA:7,80
DA:8,80
DA:9,40
DA:10,40
DA:13,80
DA:15,80
DA:16,40
DA:17,40
DA:18,0
DA:20,40
DA:21,40
DA:25,80
DA:27,80
DA:28,80
DA:29,80
DA:30,80
DA:31,80
DA:32,80
DA:33,80
DA:34,80
DA:36,800
DA:39,0
DA:41,80
LF:24
LH:22
BRDA:50,0,0,0
BRDA:50,0,1,80
BRDA:59,1,0,80
BRDA:59,1,1,80
BRF:4
BRH:3
end_of_record
TN:
SF:src\components\main\posts\posts.js
FN:8,Posts
FN:12,(anonymous_1)
FN:15,(anonymous_2)
FN:18,(anonymous_3)
FN:23,refreshPosts
FN:25,(anonymous_5)
FN:26,(anonymous_6)
FN:34,(anonymous_7)
FN:52,(anonymous_8)
FN:55,(anonymous_9)
FN:63,(anonymous_10)
FN:66,(anonymous_11)
FN:73,(anonymous_12)
FN:89,(anonymous_13)
FNF:14
FNH:7
FNDA:2,Posts
FNDA:1,(anonymous_1)
FNDA:0,(anonymous_2)
FNDA:1,(anonymous_3)
FNDA:1,refreshPosts
FNDA:100,(anonymous_5)
FNDA:300,(anonymous_6)
FNDA:0,(anonymous_7)
FNDA:0,(anonymous_8)
FNDA:0,(anonymous_9)
FNDA:0,(anonymous_10)
FNDA:0,(anonymous_11)
FNDA:0,(anonymous_12)
FNDA:40,(anonymous_13)
DA:9,2
DA:10,2
DA:11,2
DA:12,2
DA:14,1
DA:15,1
DA:16,0
DA:18,1
DA:19,1
DA:24,1
DA:25,1
DA:26,300
DA:27,100
DA:30,1
DA:31,1
DA:34,2
DA:35,0
DA:36,0
DA:38,0
DA:49,0
DA:50,0
DA:52,0
DA:53,0
DA:55,0
DA:56,0
DA:60,0
DA:61,0
DA:63,0
DA:66,2
DA:68,0
DA:69,0
DA:70,0
DA:71,0
DA:73,0
DA:74,0
DA:76,0
DA:80,2
DA:90,40
LF:38
LH:18
BRDA:26,0,0,100
BRDA:26,0,1,0
BRDA:27,1,0,100
BRDA:27,1,1,70
BRDA:53,2,0,0
BRDA:53,2,1,0
BRDA:53,3,0,0
BRDA:53,3,1,0
BRDA:56,4,0,0
BRDA:56,4,1,0
BRDA:56,5,0,0
BRDA:56,5,1,0
BRDA:70,6,0,0
BRDA:70,6,1,0
BRDA:74,7,0,0
BRDA:74,7,1,0
BRF:16
BRH:3
end_of_record
TN:
SF:src\components\profile\ProfilePage.js
FN:4,ProfilePage
FNF:1
FNH:0
FNDA:0,ProfilePage
DA:6,0
LF:1
LH:0
BRF:0
BRH:0
end_of_record
TN:
SF:src\components\profile\current.js
FN:4,CurrentInfo
FN:7,(anonymous_1)
FN:12,(anonymous_2)
FN:14,(anonymous_3)
FN:17,(anonymous_4)
FNF:5
FNH:0
FNDA:0,CurrentInfo
FNDA:0,(anonymous_1)
FNDA:0,(anonymous_2)
FNDA:0,(anonymous_3)
FNDA:0,(anonymous_4)
DA:5,0
DA:7,0
DA:8,0
DA:9,0
DA:12,0
DA:13,0
DA:14,0
DA:15,0
DA:17,0
DA:18,0
DA:23,0
LF:11
LH:0
BRF:0
BRH:0
end_of_record
TN:
SF:src\components\profile\logoProfile.js
FN:3,LogoProfile
FNF:1
FNH:0
FNDA:0,LogoProfile
DA:4,0
LF:1
LH:0
BRF:0
BRH:0
end_of_record
TN:
SF:src\components\profile\update.js
FN:7,Update
FN:16,(anonymous_1)
FNF:2
FNH:0
FNDA:0,Update
FNDA:0,(anonymous_1)
DA:8,0
DA:9,0
DA:10,0
DA:11,0
DA:13,0
DA:15,0
DA:16,0
DA:18,0
DA:19,0
DA:20,0
DA:21,0
DA:22,0
DA:23,0
DA:25,0
DA:26,0
DA:28,0
DA:30,0
DA:31,0
DA:32,0
DA:33,0
DA:35,0
DA:39,0
DA:40,0
DA:41,0
DA:42,0
DA:44,0
DA:48,0
DA:49,0
DA:50,0
DA:51,0
DA:53,0
DA:57,0
DA:58,0
DA:59,0
DA:60,0
DA:62,0
DA:66,0
DA:67,0
DA:68,0
DA:71,0
DA:78,0
LF:41
LH:0
BRDA:25,0,0,0
BRDA:25,0,1,0
BRDA:25,1,0,0
BRDA:25,1,1,0
BRDA:25,1,2,0
BRDA:25,1,3,0
BRDA:25,1,4,0
BRDA:30,2,0,0
BRDA:30,2,1,0
BRDA:31,3,0,0
BRDA:31,3,1,0
BRDA:39,4,0,0
BRDA:39,4,1,0
BRDA:40,5,0,0
BRDA:40,5,1,0
BRDA:48,6,0,0
BRDA:48,6,1,0
BRDA:49,7,0,0
BRDA:49,7,1,0
BRDA:57,8,0,0
BRDA:57,8,1,0
BRDA:58,9,0,0
BRDA:58,9,1,0
BRDA:66,10,0,0
BRDA:66,10,1,0
BRDA:86,11,0,0
BRDA:86,11,1,0
BRDA:90,12,0,0
BRDA:90,12,1,0
BRDA:94,13,0,0
BRDA:94,13,1,0
BRDA:98,14,0,0
BRDA:98,14,1,0
BRDA:103,15,0,0
BRDA:103,15,1,0
BRF:35
BRH:0
end_of_record
TN:
SF:src\store\index.js
FNF:0
FNH:0
DA:4,1
LF:1
LH:1
BRF:0
BRH:0
end_of_record
TN:
SF:src\store\reducer.js
FN:13,(anonymous_0)
FN:18,(anonymous_1)
FNF:2
FNH:2
FNDA:2,(anonymous_0)
FNDA:10,(anonymous_1)
DA:3,1
DA:5,1
DA:7,1
DA:14,2
DA:15,1
DA:16,1
DA:17,1
DA:18,1
DA:19,10
DA:20,1
DA:22,10
DA:25,1
DA:26,1
DA:28,1
DA:33,1
DA:34,0
DA:35,0
DA:36,0
DA:37,0
DA:41,1
LF:20
LH:16
BRDA:3,0,0,0
BRDA:3,0,1,1
BRDA:5,1,0,0
BRDA:5,1,1,1
BRDA:9,2,0,1
BRDA:9,2,1,1
BRDA:13,3,0,1
BRDA:14,4,0,1
BRDA:14,4,1,1
BRDA:19,5,0,1
BRDA:19,5,1,9
BRDA:33,6,0,0
BRDA:33,6,1,1
BRF:13
BRH:10
end_of_record
TN:
SF:src\utils\index.js
FN:2,validateLogin
FN:6,logout
FNF:2
FNH:1
FNDA:10,validateLogin
FNDA:0,logout
DA:3,10
DA:7,0
DA:8,0
DA:11,1
LF:4
LH:2
BRDA:3,0,0,10
BRDA:3,0,1,1
BRF:2
BRH:2
end_of_record
TN:
SF:src\utils\registerRules.js
FNF:0
FNH:0
DA:1,1
LF:1
LH:1
BRF:0
BRH:0
end_of_record
